<?xml version="1.0" encoding="UTF-8"?>
<coverage generated="1648306296">
  <project timestamp="1648306296">
    <file name="/home/runner/work/PhpCollections/PhpCollections/src/AbstractCollection.php">
      <class name="Squingla\Collections\AbstractCollection" namespace="global">
        <metrics complexity="17" methods="11" coveredmethods="11" conditionals="0" coveredconditionals="0" statements="35" coveredstatements="35" elements="46" coveredelements="46"/>
      </class>
      <line num="16" type="method" name="head" visibility="public" complexity="2" crap="2" count="8"/>
      <line num="18" type="stmt" count="8"/>
      <line num="19" type="stmt" count="8"/>
      <line num="20" type="stmt" count="3"/>
      <line num="23" type="stmt" count="5"/>
      <line num="26" type="method" name="deconstruct" visibility="public" complexity="2" crap="2" count="8"/>
      <line num="28" type="stmt" count="8"/>
      <line num="29" type="stmt" count="8"/>
      <line num="30" type="stmt" count="3"/>
      <line num="33" type="stmt" count="5"/>
      <line num="36" type="method" name="deconstructOption" visibility="public" complexity="1" crap="1" count="8"/>
      <line num="38" type="stmt" count="8"/>
      <line num="41" type="method" name="getIterator" visibility="public" complexity="1" crap="1" count="10"/>
      <line num="43" type="stmt" count="10"/>
      <line num="46" type="method" name="isEmpty" visibility="public" complexity="1" crap="1" count="1"/>
      <line num="48" type="stmt" count="1"/>
      <line num="51" type="method" name="nonEmpty" visibility="public" complexity="1" crap="1" count="1"/>
      <line num="53" type="stmt" count="1"/>
      <line num="56" type="method" name="count" visibility="public" complexity="1" crap="1" count="2"/>
      <line num="58" type="stmt" count="2"/>
      <line num="61" type="method" name="reduceLeft" visibility="public" complexity="2" crap="2" count="7"/>
      <line num="63" type="stmt" count="7"/>
      <line num="64" type="stmt" count="7"/>
      <line num="65" type="stmt" count="3"/>
      <line num="68" type="stmt" count="4"/>
      <line num="71" type="method" name="reduceRight" visibility="public" complexity="2" crap="2" count="7"/>
      <line num="73" type="stmt" count="7"/>
      <line num="74" type="stmt" count="7"/>
      <line num="75" type="stmt" count="3"/>
      <line num="78" type="stmt" count="4"/>
      <line num="85" type="method" name="reduceLeftOption" visibility="public" complexity="2" crap="2" count="14"/>
      <line num="92" type="stmt" count="14"/>
      <line num="93" type="stmt" count="8"/>
      <line num="95" type="stmt" count="8"/>
      <line num="96" type="stmt" count="8"/>
      <line num="99" type="stmt" count="6"/>
      <line num="102" type="stmt" count="14"/>
      <line num="104" type="stmt" count="14"/>
      <line num="111" type="method" name="reduceRightOption" visibility="public" complexity="2" crap="2" count="14"/>
      <line num="118" type="stmt" count="14"/>
      <line num="119" type="stmt" count="8"/>
      <line num="121" type="stmt" count="8"/>
      <line num="122" type="stmt" count="8"/>
      <line num="125" type="stmt" count="6"/>
      <line num="128" type="stmt" count="14"/>
      <line num="130" type="stmt" count="14"/>
      <metrics loc="133" ncloc="105" classes="1" methods="11" coveredmethods="11" conditionals="0" coveredconditionals="0" statements="35" coveredstatements="35" elements="46" coveredelements="46"/>
    </file>
    <file name="/home/runner/work/PhpCollections/PhpCollections/src/Dictionary/AbstractDictionary.php">
      <class name="Squingla\Collections\Dictionary\AbstractDictionary" namespace="global">
        <metrics complexity="16" methods="14" coveredmethods="11" conditionals="0" coveredconditionals="0" statements="19" coveredstatements="14" elements="33" coveredelements="25"/>
      </class>
      <line num="24" type="method" name="offsetExists" visibility="public" complexity="1" crap="1" count="5"/>
      <line num="26" type="stmt" count="5"/>
      <line num="33" type="method" name="offsetGet" visibility="public" complexity="1" crap="1" count="18"/>
      <line num="35" type="stmt" count="18"/>
      <line num="44" type="method" name="offsetSet" visibility="public" complexity="1" crap="2" count="0"/>
      <line num="46" type="stmt" count="0"/>
      <line num="54" type="method" name="offsetUnset" visibility="public" complexity="1" crap="2" count="0"/>
      <line num="56" type="stmt" count="0"/>
      <line num="63" type="method" name="__invoke" visibility="public" complexity="1" crap="1" count="8"/>
      <line num="65" type="stmt" count="8"/>
      <line num="72" type="method" name="appended" visibility="public" complexity="1" crap="1" count="3"/>
      <line num="74" type="stmt" count="3"/>
      <line num="81" type="method" name="prepended" visibility="public" complexity="1" crap="1" count="3"/>
      <line num="83" type="stmt" count="3"/>
      <line num="91" type="method" name="get" visibility="public" complexity="2" crap="2" count="36"/>
      <line num="93" type="stmt" count="36"/>
      <line num="94" type="stmt" count="36"/>
      <line num="95" type="stmt" count="15"/>
      <line num="97" type="stmt" count="33"/>
      <line num="105" type="method" name="put" visibility="public" complexity="2" crap="6" count="0"/>
      <line num="107" type="stmt" count="0"/>
      <line num="108" type="stmt" count="0"/>
      <line num="110" type="stmt" count="0"/>
      <line num="113" type="method" name="isEmpty" visibility="public" complexity="1" crap="1" count="5"/>
      <line num="115" type="stmt" count="5"/>
      <line num="118" type="method" name="nonEmpty" visibility="public" complexity="1" crap="1" count="8"/>
      <line num="120" type="stmt" count="8"/>
      <line num="127" type="method" name="count" visibility="public" complexity="1" crap="1" count="3"/>
      <line num="129" type="stmt" count="3"/>
      <line num="136" type="method" name="exists" visibility="public" complexity="1" crap="1" count="4"/>
      <line num="138" type="stmt" count="4"/>
      <line num="145" type="method" name="forAll" visibility="public" complexity="1" crap="1" count="4"/>
      <line num="147" type="stmt" count="4"/>
      <metrics loc="150" ncloc="89" classes="1" methods="14" coveredmethods="11" conditionals="0" coveredconditionals="0" statements="19" coveredstatements="14" elements="33" coveredelements="25"/>
    </file>
    <file name="/home/runner/work/PhpCollections/PhpCollections/src/Dictionary/ArrayDictionary.php">
      <class name="Squingla\Collections\Dictionary\ArrayDictionary" namespace="global">
        <metrics complexity="27" methods="22" coveredmethods="22" conditionals="0" coveredconditionals="0" statements="49" coveredstatements="49" elements="71" coveredelements="71"/>
      </class>
      <line num="27" type="method" name="__construct" visibility="private" complexity="1" crap="1" count="121"/>
      <line num="29" type="stmt" count="121"/>
      <line num="36" type="method" name="concat" visibility="public" complexity="1" crap="1" count="2"/>
      <line num="39" type="stmt" count="2"/>
      <line num="40" type="stmt" count="2"/>
      <line num="42" type="stmt" count="2"/>
      <line num="48" type="method" name="headOption" visibility="public" complexity="1" crap="1" count="16"/>
      <line num="50" type="stmt" count="16"/>
      <line num="56" type="method" name="tail" visibility="public" complexity="1" crap="1" count="11"/>
      <line num="58" type="stmt" count="11"/>
      <line num="64" type="method" name="toNative" visibility="public" complexity="1" crap="1" count="12"/>
      <line num="66" type="stmt" count="12"/>
      <line num="73" type="method" name="getOption" visibility="public" complexity="1" crap="1" count="41"/>
      <line num="76" type="stmt" count="41"/>
      <line num="77" type="stmt" count="41"/>
      <line num="78" type="stmt" count="41"/>
      <line num="80" type="stmt" count="41"/>
      <line num="81" type="stmt" count="41"/>
      <line num="89" type="method" name="set" visibility="public" complexity="3" crap="3" count="3"/>
      <line num="91" type="stmt" count="3"/>
      <line num="93" type="stmt" count="1"/>
      <line num="94" type="stmt" count="1"/>
      <line num="95" type="stmt" count="1"/>
      <line num="96" type="stmt" count="1"/>
      <line num="99" type="stmt" count="1"/>
      <line num="102" type="stmt" count="2"/>
      <line num="110" type="method" name="put" visibility="public" complexity="2" crap="2" count="9"/>
      <line num="112" type="stmt" count="9"/>
      <line num="113" type="stmt" count="3"/>
      <line num="116" type="stmt" count="6"/>
      <line num="123" type="method" name="hasKey" visibility="public" complexity="1" crap="1" count="31"/>
      <line num="125" type="stmt" count="31"/>
      <line num="132" type="method" name="hasValue" visibility="public" complexity="1" crap="1" count="5"/>
      <line num="134" type="stmt" count="5"/>
      <line num="140" type="method" name="empty" visibility="public" complexity="1" crap="1" count="1"/>
      <line num="143" type="stmt" count="1"/>
      <line num="144" type="stmt" count="1"/>
      <line num="153" type="method" name="fromIndexedArray" visibility="public" complexity="2" crap="2" count="1"/>
      <line num="156" type="stmt" count="1"/>
      <line num="161" type="stmt" count="1"/>
      <line num="162" type="stmt" count="1"/>
      <line num="165" type="stmt" count="1"/>
      <line num="166" type="stmt" count="1"/>
      <line num="175" type="method" name="fromTuples" visibility="public" complexity="1" crap="1" count="1"/>
      <line num="178" type="stmt" count="1"/>
      <line num="179" type="stmt" count="1"/>
      <line num="188" type="method" name="fromTupleArrays" visibility="public" complexity="2" crap="2" count="118"/>
      <line num="191" type="stmt" count="118"/>
      <line num="192" type="stmt" count="118"/>
      <line num="193" type="stmt" count="89"/>
      <line num="196" type="stmt" count="118"/>
      <line num="197" type="stmt" count="118"/>
      <line num="200" type="method" name="getLength" visibility="public" complexity="1" crap="1" count="58"/>
      <line num="202" type="stmt" count="58"/>
      <line num="209" type="method" name="filter" visibility="public" complexity="1" crap="1" count="16"/>
      <line num="211" type="stmt" count="16"/>
      <line num="212" type="stmt" count="16"/>
      <line num="220" type="method" name="filterNot" visibility="public" complexity="1" crap="1" count="3"/>
      <line num="222" type="stmt" count="3"/>
      <line num="223" type="stmt" count="3"/>
      <line num="232" type="method" name="map" visibility="public" complexity="1" crap="1" count="1"/>
      <line num="234" type="stmt" count="1"/>
      <line num="242" type="method" name="flatMap" visibility="public" complexity="1" crap="1" count="1"/>
      <line num="245" type="stmt" count="1"/>
      <line num="246" type="stmt" count="1"/>
      <line num="255" type="method" name="foldLeft" visibility="public" complexity="1" crap="1" count="7"/>
      <line num="257" type="stmt" count="7"/>
      <line num="266" type="method" name="foldRight" visibility="public" complexity="1" crap="1" count="7"/>
      <line num="268" type="stmt" count="7"/>
      <line num="275" type="method" name="forEach" visibility="public" complexity="1" crap="1" count="4"/>
      <line num="277" type="stmt" count="4"/>
      <metrics loc="280" ncloc="164" classes="1" methods="22" coveredmethods="22" conditionals="0" coveredconditionals="0" statements="49" coveredstatements="49" elements="71" coveredelements="71"/>
    </file>
    <file name="/home/runner/work/PhpCollections/PhpCollections/src/Dictionary/Dictionary.php">
      <metrics loc="109" ncloc="27" classes="0" methods="0" coveredmethods="0" conditionals="0" coveredconditionals="0" statements="0" coveredstatements="0" elements="0" coveredelements="0"/>
    </file>
    <file name="/home/runner/work/PhpCollections/PhpCollections/src/Dictionary/Tuple/SimpleTuple.php">
      <class name="Squingla\Collections\Dictionary\Tuple\SimpleTuple" namespace="global">
        <metrics complexity="3" methods="3" coveredmethods="3" conditionals="0" coveredconditionals="0" statements="4" coveredstatements="4" elements="7" coveredelements="7"/>
      </class>
      <line num="23" type="method" name="__construct" visibility="public" complexity="1" crap="1" count="95"/>
      <line num="25" type="stmt" count="95"/>
      <line num="26" type="stmt" count="95"/>
      <line num="32" type="method" name="getKey" visibility="public" complexity="1" crap="1" count="77"/>
      <line num="34" type="stmt" count="77"/>
      <line num="40" type="method" name="getValue" visibility="public" complexity="1" crap="1" count="77"/>
      <line num="42" type="stmt" count="77"/>
      <metrics loc="45" ncloc="26" classes="1" methods="3" coveredmethods="3" conditionals="0" coveredconditionals="0" statements="4" coveredstatements="4" elements="7" coveredelements="7"/>
    </file>
    <file name="/home/runner/work/PhpCollections/PhpCollections/src/ImmutableException.php">
      <class name="Squingla\Collections\ImmutableException" namespace="global">
        <metrics complexity="0" methods="0" coveredmethods="0" conditionals="0" coveredconditionals="0" statements="0" coveredstatements="0" elements="0" coveredelements="0"/>
      </class>
      <metrics loc="10" ncloc="10" classes="0" methods="0" coveredmethods="0" conditionals="0" coveredconditionals="0" statements="0" coveredstatements="0" elements="0" coveredelements="0"/>
    </file>
    <file name="/home/runner/work/PhpCollections/PhpCollections/src/Lists/AbstractIndexedCollection.php">
      <class name="Squingla\Collections\Lists\AbstractIndexedCollection" namespace="global">
        <metrics complexity="10" methods="7" coveredmethods="5" conditionals="0" coveredconditionals="0" statements="11" coveredstatements="9" elements="18" coveredelements="14"/>
      </class>
      <line num="23" type="method" name="get" visibility="public" complexity="2" crap="2" count="34"/>
      <line num="25" type="stmt" count="34"/>
      <line num="26" type="stmt" count="34"/>
      <line num="27" type="stmt" count="30"/>
      <line num="30" type="stmt" count="4"/>
      <line num="33" type="method" name="splitAt" visibility="public" complexity="1" crap="1" count="18"/>
      <line num="36" type="stmt" count="18"/>
      <line num="37" type="stmt" count="18"/>
      <line num="45" type="method" name="offsetExists" visibility="public" complexity="3" crap="3" count="10"/>
      <line num="47" type="stmt" count="10"/>
      <line num="54" type="method" name="offsetGet" visibility="public" complexity="1" crap="1" count="10"/>
      <line num="56" type="stmt" count="10"/>
      <line num="65" type="method" name="offsetSet" visibility="public" complexity="1" crap="2" count="0"/>
      <line num="67" type="stmt" count="0"/>
      <line num="75" type="method" name="offsetUnset" visibility="public" complexity="1" crap="2" count="0"/>
      <line num="77" type="stmt" count="0"/>
      <line num="84" type="method" name="__invoke" visibility="public" complexity="1" crap="1" count="10"/>
      <line num="86" type="stmt" count="10"/>
      <metrics loc="89" ncloc="54" classes="1" methods="7" coveredmethods="5" conditionals="0" coveredconditionals="0" statements="11" coveredstatements="9" elements="18" coveredelements="14"/>
    </file>
    <file name="/home/runner/work/PhpCollections/PhpCollections/src/Lists/ArrayList.php">
      <class name="Squingla\Collections\Lists\ArrayList" namespace="global">
        <metrics complexity="61" methods="30" coveredmethods="30" conditionals="0" coveredconditionals="0" statements="104" coveredstatements="104" elements="134" coveredelements="134"/>
      </class>
      <line num="23" type="method" name="__construct" visibility="public" complexity="1" crap="1" count="262"/>
      <line num="25" type="stmt" count="262"/>
      <line num="32" type="method" name="appended" visibility="public" complexity="1" crap="1" count="10"/>
      <line num="34" type="stmt" count="10"/>
      <line num="41" type="method" name="prepended" visibility="public" complexity="1" crap="1" count="2"/>
      <line num="43" type="stmt" count="2"/>
      <line num="50" type="method" name="concat" visibility="public" complexity="1" crap="1" count="3"/>
      <line num="52" type="stmt" count="3"/>
      <line num="58" type="method" name="headOption" visibility="public" complexity="2" crap="2" count="65"/>
      <line num="60" type="stmt" count="65"/>
      <line num="62" type="stmt" count="28"/>
      <line num="63" type="stmt" count="28"/>
      <line num="66" type="stmt" count="53"/>
      <line num="72" type="method" name="tail" visibility="public" complexity="2" crap="2" count="16"/>
      <line num="74" type="stmt" count="16"/>
      <line num="75" type="stmt" count="4"/>
      <line num="78" type="stmt" count="12"/>
      <line num="84" type="method" name="toNative" visibility="public" complexity="1" crap="1" count="89"/>
      <line num="86" type="stmt" count="89"/>
      <line num="93" type="method" name="getOption" visibility="public" complexity="3" crap="3" count="24"/>
      <line num="95" type="stmt" count="24"/>
      <line num="97" type="stmt" count="4"/>
      <line num="98" type="stmt" count="4"/>
      <line num="101" type="stmt" count="20"/>
      <line num="108" type="method" name="drop" visibility="public" complexity="3" crap="3" count="29"/>
      <line num="110" type="stmt" count="29"/>
      <line num="111" type="stmt" count="3"/>
      <line num="114" type="stmt" count="26"/>
      <line num="116" type="stmt" count="4"/>
      <line num="117" type="stmt" count="4"/>
      <line num="120" type="stmt" count="22"/>
      <line num="127" type="method" name="dropRight" visibility="public" complexity="3" crap="3" count="8"/>
      <line num="129" type="stmt" count="8"/>
      <line num="130" type="stmt" count="2"/>
      <line num="133" type="stmt" count="6"/>
      <line num="135" type="stmt" count="2"/>
      <line num="136" type="stmt" count="2"/>
      <line num="139" type="stmt" count="4"/>
      <line num="147" type="method" name="indexOf" visibility="public" complexity="3" crap="3" count="10"/>
      <line num="149" type="stmt" count="10"/>
      <line num="150" type="stmt" count="10"/>
      <line num="151" type="stmt" count="10"/>
      <line num="152" type="stmt" count="8"/>
      <line num="155" type="stmt" count="2"/>
      <line num="163" type="method" name="indexWhere" visibility="public" complexity="3" crap="3" count="4"/>
      <line num="165" type="stmt" count="4"/>
      <line num="166" type="stmt" count="4"/>
      <line num="167" type="stmt" count="4"/>
      <line num="168" type="stmt" count="3"/>
      <line num="171" type="stmt" count="1"/>
      <line num="179" type="method" name="slice" visibility="public" complexity="1" crap="1" count="8"/>
      <line num="181" type="stmt" count="8"/>
      <line num="182" type="stmt" count="8"/>
      <line num="183" type="stmt" count="8"/>
      <line num="185" type="stmt" count="8"/>
      <line num="192" type="method" name="sort" visibility="public" complexity="1" crap="1" count="4"/>
      <line num="194" type="stmt" count="4"/>
      <line num="195" type="stmt" count="4"/>
      <line num="196" type="stmt" count="4"/>
      <line num="202" type="method" name="reverse" visibility="public" complexity="1" crap="1" count="4"/>
      <line num="204" type="stmt" count="4"/>
      <line num="211" type="method" name="take" visibility="public" complexity="3" crap="3" count="18"/>
      <line num="213" type="stmt" count="18"/>
      <line num="215" type="stmt" count="2"/>
      <line num="216" type="stmt" count="2"/>
      <line num="218" type="stmt" count="16"/>
      <line num="219" type="stmt" count="4"/>
      <line num="222" type="stmt" count="12"/>
      <line num="229" type="method" name="takeRight" visibility="public" complexity="3" crap="3" count="9"/>
      <line num="231" type="stmt" count="9"/>
      <line num="233" type="stmt" count="1"/>
      <line num="234" type="stmt" count="1"/>
      <line num="236" type="stmt" count="8"/>
      <line num="237" type="stmt" count="2"/>
      <line num="240" type="stmt" count="6"/>
      <line num="241" type="stmt" count="6"/>
      <line num="248" type="method" name="takeWhile" visibility="public" complexity="3" crap="3" count="3"/>
      <line num="251" type="stmt" count="3"/>
      <line num="252" type="stmt" count="3"/>
      <line num="253" type="stmt" count="3"/>
      <line num="254" type="stmt" count="2"/>
      <line num="256" type="stmt" count="3"/>
      <line num="259" type="stmt" count="3"/>
      <line num="265" type="method" name="empty" visibility="public" complexity="1" crap="1" count="10"/>
      <line num="267" type="stmt" count="10"/>
      <line num="275" type="method" name="with" visibility="public" complexity="1" crap="1" count="261"/>
      <line num="277" type="stmt" count="261"/>
      <line num="280" type="method" name="getLength" visibility="public" complexity="1" crap="1" count="67"/>
      <line num="282" type="stmt" count="67"/>
      <line num="289" type="method" name="filter" visibility="public" complexity="3" crap="3" count="55"/>
      <line num="291" type="stmt" count="55"/>
      <line num="292" type="stmt" count="55"/>
      <line num="293" type="stmt" count="47"/>
      <line num="294" type="stmt" count="45"/>
      <line num="298" type="stmt" count="55"/>
      <line num="305" type="method" name="filterNot" visibility="public" complexity="3" crap="3" count="4"/>
      <line num="307" type="stmt" count="4"/>
      <line num="308" type="stmt" count="4"/>
      <line num="309" type="stmt" count="3"/>
      <line num="310" type="stmt" count="3"/>
      <line num="314" type="stmt" count="4"/>
      <line num="321" type="method" name="exists" visibility="public" complexity="3" crap="3" count="37"/>
      <line num="323" type="stmt" count="37"/>
      <line num="324" type="stmt" count="34"/>
      <line num="325" type="stmt" count="34"/>
      <line num="329" type="stmt" count="26"/>
      <line num="336" type="method" name="forAll" visibility="public" complexity="3" crap="3" count="1"/>
      <line num="338" type="stmt" count="1"/>
      <line num="339" type="stmt" count="1"/>
      <line num="340" type="stmt" count="1"/>
      <line num="344" type="stmt" count="1"/>
      <line num="352" type="method" name="map" visibility="public" complexity="1" crap="1" count="3"/>
      <line num="354" type="stmt" count="3"/>
      <line num="355" type="stmt" count="3"/>
      <line num="363" type="method" name="flatMap" visibility="public" complexity="3" crap="3" count="2"/>
      <line num="365" type="stmt" count="2"/>
      <line num="366" type="stmt" count="2"/>
      <line num="367" type="stmt" count="2"/>
      <line num="368" type="stmt" count="2"/>
      <line num="372" type="stmt" count="2"/>
      <line num="381" type="method" name="foldLeft" visibility="public" complexity="2" crap="2" count="13"/>
      <line num="383" type="stmt" count="13"/>
      <line num="384" type="stmt" count="13"/>
      <line num="385" type="stmt" count="8"/>
      <line num="387" type="stmt" count="13"/>
      <line num="396" type="method" name="foldRight" visibility="public" complexity="2" crap="2" count="13"/>
      <line num="398" type="stmt" count="13"/>
      <line num="399" type="stmt" count="13"/>
      <line num="400" type="stmt" count="8"/>
      <line num="401" type="stmt" count="8"/>
      <line num="404" type="stmt" count="13"/>
      <line num="411" type="method" name="forEach" visibility="public" complexity="2" crap="2" count="10"/>
      <line num="413" type="stmt" count="10"/>
      <line num="414" type="stmt" count="8"/>
      <metrics loc="418" ncloc="284" classes="1" methods="30" coveredmethods="30" conditionals="0" coveredconditionals="0" statements="104" coveredstatements="104" elements="134" coveredelements="134"/>
    </file>
    <file name="/home/runner/work/PhpCollections/PhpCollections/src/Lists/LinkedList.php">
      <class name="Squingla\Collections\Lists\LinkedList" namespace="global">
        <metrics complexity="74" methods="32" coveredmethods="32" conditionals="0" coveredconditionals="0" statements="135" coveredstatements="135" elements="167" coveredelements="167"/>
      </class>
      <line num="38" type="method" name="__construct" visibility="private" complexity="1" crap="1" count="143"/>
      <line num="40" type="stmt" count="143"/>
      <line num="41" type="stmt" count="143"/>
      <line num="52" type="method" name="with" visibility="public" complexity="3" crap="3" count="142"/>
      <line num="55" type="stmt" count="142"/>
      <line num="56" type="stmt" count="142"/>
      <line num="57" type="stmt" count="22"/>
      <line num="60" type="stmt" count="125"/>
      <line num="61" type="stmt" count="125"/>
      <line num="64" type="stmt" count="125"/>
      <line num="72" type="method" name="empty" visibility="public" complexity="1" crap="1" count="143"/>
      <line num="74" type="stmt" count="143"/>
      <line num="83" type="method" name="appended" visibility="public" complexity="2" crap="2" count="2"/>
      <line num="85" type="stmt" count="2"/>
      <line num="87" type="stmt" count="2"/>
      <line num="90" type="stmt" count="1"/>
      <line num="91" type="stmt" count="1"/>
      <line num="92" type="stmt" count="1"/>
      <line num="102" type="method" name="prepended" visibility="public" complexity="1" crap="1" count="2"/>
      <line num="104" type="stmt" count="2"/>
      <line num="111" type="method" name="concat" visibility="public" complexity="1" crap="1" count="1"/>
      <line num="113" type="stmt" count="1"/>
      <line num="119" type="method" name="headOption" visibility="public" complexity="2" crap="2" count="8"/>
      <line num="121" type="stmt" count="8"/>
      <line num="123" type="stmt" count="4"/>
      <line num="124" type="stmt" count="4"/>
      <line num="127" type="stmt" count="4"/>
      <line num="133" type="method" name="tail" visibility="public" complexity="2" crap="2" count="5"/>
      <line num="135" type="stmt" count="5"/>
      <line num="136" type="stmt" count="2"/>
      <line num="139" type="stmt" count="3"/>
      <line num="145" type="method" name="toNative" visibility="public" complexity="2" crap="2" count="77"/>
      <line num="147" type="stmt" count="77"/>
      <line num="148" type="stmt" count="77"/>
      <line num="152" type="stmt" count="63"/>
      <line num="153" type="stmt" count="63"/>
      <line num="161" type="method" name="getOption" visibility="public" complexity="4" crap="4" count="24"/>
      <line num="163" type="stmt" count="24"/>
      <line num="165" type="stmt" count="2"/>
      <line num="166" type="stmt" count="2"/>
      <line num="169" type="stmt" count="22"/>
      <line num="171" type="stmt" count="2"/>
      <line num="172" type="stmt" count="2"/>
      <line num="175" type="stmt" count="22"/>
      <line num="176" type="stmt" count="20"/>
      <line num="179" type="stmt" count="18"/>
      <line num="186" type="method" name="drop" visibility="public" complexity="3" crap="3" count="25"/>
      <line num="188" type="stmt" count="25"/>
      <line num="189" type="stmt" count="25"/>
      <line num="192" type="stmt" count="17"/>
      <line num="199" type="method" name="dropRight" visibility="public" complexity="1" crap="1" count="8"/>
      <line num="201" type="stmt" count="8"/>
      <line num="209" type="method" name="indexOf" visibility="public" complexity="5" crap="5" count="10"/>
      <line num="211" type="stmt" count="10"/>
      <line num="212" type="stmt" count="2"/>
      <line num="215" type="stmt" count="10"/>
      <line num="216" type="stmt" count="8"/>
      <line num="219" type="stmt" count="9"/>
      <line num="220" type="stmt" count="9"/>
      <line num="221" type="stmt" count="2"/>
      <line num="223" type="stmt" count="7"/>
      <line num="231" type="method" name="indexWhere" visibility="public" complexity="5" crap="5" count="4"/>
      <line num="233" type="stmt" count="4"/>
      <line num="234" type="stmt" count="1"/>
      <line num="237" type="stmt" count="4"/>
      <line num="238" type="stmt" count="3"/>
      <line num="241" type="stmt" count="4"/>
      <line num="242" type="stmt" count="4"/>
      <line num="243" type="stmt" count="1"/>
      <line num="246" type="stmt" count="3"/>
      <line num="254" type="method" name="slice" visibility="public" complexity="4" crap="4" count="8"/>
      <line num="256" type="stmt" count="8"/>
      <line num="258" type="stmt" count="8"/>
      <line num="259" type="stmt" count="8"/>
      <line num="262" type="stmt" count="8"/>
      <line num="263" type="stmt" count="3"/>
      <line num="266" type="stmt" count="8"/>
      <line num="267" type="stmt" count="8"/>
      <line num="268" type="stmt" count="8"/>
      <line num="276" type="method" name="sort" visibility="public" complexity="1" crap="1" count="4"/>
      <line num="278" type="stmt" count="4"/>
      <line num="279" type="stmt" count="4"/>
      <line num="280" type="stmt" count="4"/>
      <line num="286" type="method" name="reverse" visibility="public" complexity="1" crap="1" count="21"/>
      <line num="289" type="stmt" count="21"/>
      <line num="290" type="stmt" count="21"/>
      <line num="291" type="stmt" count="21"/>
      <line num="292" type="stmt" count="20"/>
      <line num="296" type="stmt" count="21"/>
      <line num="303" type="method" name="take" visibility="public" complexity="3" crap="3" count="27"/>
      <line num="305" type="stmt" count="27"/>
      <line num="307" type="stmt" count="27"/>
      <line num="308" type="stmt" count="27"/>
      <line num="311" type="stmt" count="21"/>
      <line num="318" type="method" name="takeRight" visibility="public" complexity="1" crap="1" count="9"/>
      <line num="320" type="stmt" count="9"/>
      <line num="327" type="method" name="takeWhile" visibility="public" complexity="3" crap="3" count="3"/>
      <line num="329" type="stmt" count="3"/>
      <line num="330" type="stmt" count="1"/>
      <line num="333" type="stmt" count="3"/>
      <line num="335" type="stmt" count="2"/>
      <line num="336" type="stmt" count="2"/>
      <line num="339" type="stmt" count="3"/>
      <line num="342" type="method" name="getLength" visibility="public" complexity="2" crap="2" count="7"/>
      <line num="344" type="stmt" count="7"/>
      <line num="345" type="stmt" count="7"/>
      <line num="348" type="stmt" count="7"/>
      <line num="355" type="method" name="filter" visibility="public" complexity="3" crap="3" count="2"/>
      <line num="357" type="stmt" count="2"/>
      <line num="358" type="stmt" count="2"/>
      <line num="361" type="stmt" count="2"/>
      <line num="363" type="stmt" count="2"/>
      <line num="364" type="stmt" count="2"/>
      <line num="367" type="stmt" count="2"/>
      <line num="374" type="method" name="filterNot" visibility="public" complexity="3" crap="3" count="1"/>
      <line num="376" type="stmt" count="1"/>
      <line num="377" type="stmt" count="1"/>
      <line num="380" type="stmt" count="1"/>
      <line num="382" type="stmt" count="1"/>
      <line num="383" type="stmt" count="1"/>
      <line num="386" type="stmt" count="1"/>
      <line num="389" type="method" name="exists" visibility="public" complexity="3" crap="3" count="1"/>
      <line num="391" type="stmt" count="1"/>
      <line num="392" type="stmt" count="1"/>
      <line num="395" type="stmt" count="1"/>
      <line num="396" type="stmt" count="1"/>
      <line num="399" type="stmt" count="1"/>
      <line num="402" type="method" name="forAll" visibility="public" complexity="3" crap="3" count="1"/>
      <line num="404" type="stmt" count="1"/>
      <line num="405" type="stmt" count="1"/>
      <line num="408" type="stmt" count="1"/>
      <line num="409" type="stmt" count="1"/>
      <line num="412" type="stmt" count="1"/>
      <line num="420" type="method" name="map" visibility="public" complexity="2" crap="2" count="1"/>
      <line num="422" type="stmt" count="1"/>
      <line num="423" type="stmt" count="1"/>
      <line num="426" type="stmt" count="1"/>
      <line num="427" type="stmt" count="1"/>
      <line num="435" type="method" name="flatMap" visibility="public" complexity="4" crap="4" count="1"/>
      <line num="437" type="stmt" count="1"/>
      <line num="438" type="stmt" count="1"/>
      <line num="442" type="stmt" count="1"/>
      <line num="445" type="stmt" count="1"/>
      <line num="446" type="stmt" count="1"/>
      <line num="447" type="stmt" count="1"/>
      <line num="448" type="stmt" count="1"/>
      <line num="451" type="stmt" count="1"/>
      <line num="452" type="stmt" count="1"/>
      <line num="454" type="stmt" count="1"/>
      <line num="457" type="stmt" count="1"/>
      <line num="460" type="method" name="foldLeft" visibility="public" complexity="2" crap="2" count="6"/>
      <line num="462" type="stmt" count="6"/>
      <line num="463" type="stmt" count="6"/>
      <line num="466" type="stmt" count="3"/>
      <line num="469" type="method" name="foldRight" visibility="public" complexity="2" crap="2" count="6"/>
      <line num="471" type="stmt" count="6"/>
      <line num="472" type="stmt" count="6"/>
      <line num="475" type="stmt" count="3"/>
      <line num="478" type="method" name="forEach" visibility="public" complexity="2" crap="2" count="27"/>
      <line num="480" type="stmt" count="27"/>
      <line num="481" type="stmt" count="27"/>
      <line num="484" type="stmt" count="25"/>
      <line num="485" type="stmt" count="25"/>
      <line num="488" type="method" name="isEmpty" visibility="public" complexity="1" crap="1" count="1"/>
      <line num="490" type="stmt" count="1"/>
      <line num="493" type="method" name="nonEmpty" visibility="public" complexity="1" crap="1" count="1"/>
      <line num="495" type="stmt" count="1"/>
      <metrics loc="498" ncloc="360" classes="1" methods="32" coveredmethods="32" conditionals="0" coveredconditionals="0" statements="135" coveredstatements="135" elements="167" coveredelements="167"/>
    </file>
    <file name="/home/runner/work/PhpCollections/PhpCollections/src/NoSuchElementException.php">
      <class name="Squingla\Collections\NoSuchElementException" namespace="global">
        <metrics complexity="0" methods="0" coveredmethods="0" conditionals="0" coveredconditionals="0" statements="0" coveredstatements="0" elements="0" coveredelements="0"/>
      </class>
      <metrics loc="10" ncloc="10" classes="0" methods="0" coveredmethods="0" conditionals="0" coveredconditionals="0" statements="0" coveredstatements="0" elements="0" coveredelements="0"/>
    </file>
    <file name="/home/runner/work/PhpCollections/PhpCollections/src/Optional.php">
      <class name="Squingla\Collections\Optional" namespace="global">
        <metrics complexity="46" methods="25" coveredmethods="24" conditionals="0" coveredconditionals="0" statements="70" coveredstatements="67" elements="95" coveredelements="91"/>
      </class>
      <line num="29" type="method" name="__construct" visibility="private" complexity="1" crap="1" count="193"/>
      <line num="31" type="stmt" count="193"/>
      <line num="32" type="stmt" count="193"/>
      <line num="42" type="method" name="some" visibility="public" complexity="1" crap="1" count="136"/>
      <line num="44" type="stmt" count="136"/>
      <line num="52" type="method" name="none" visibility="public" complexity="1" crap="1" count="91"/>
      <line num="54" type="stmt" count="91"/>
      <line num="57" type="method" name="getIterator" visibility="public" complexity="1" crap="1" count="2"/>
      <line num="59" type="stmt" count="2"/>
      <line num="62" type="method" name="getLength" visibility="public" complexity="2" crap="2" count="2"/>
      <line num="64" type="stmt" count="2"/>
      <line num="67" type="method" name="isEmpty" visibility="public" complexity="1" crap="1" count="112"/>
      <line num="69" type="stmt" count="112"/>
      <line num="72" type="method" name="nonEmpty" visibility="public" complexity="1" crap="1" count="58"/>
      <line num="74" type="stmt" count="58"/>
      <line num="77" type="method" name="count" visibility="public" complexity="3" crap="3" count="2"/>
      <line num="79" type="stmt" count="2"/>
      <line num="80" type="stmt" count="1"/>
      <line num="83" type="stmt" count="1"/>
      <line num="84" type="stmt" count="1"/>
      <line num="87" type="stmt" count="1"/>
      <line num="97" type="method" name="filter" visibility="public" complexity="3" crap="3" count="2"/>
      <line num="99" type="stmt" count="2"/>
      <line num="100" type="stmt" count="1"/>
      <line num="103" type="stmt" count="1"/>
      <line num="104" type="stmt" count="1"/>
      <line num="108" type="stmt" count="1"/>
      <line num="109" type="stmt" count="1"/>
      <line num="120" type="method" name="filterNot" visibility="public" complexity="3" crap="3" count="2"/>
      <line num="122" type="stmt" count="2"/>
      <line num="123" type="stmt" count="1"/>
      <line num="126" type="stmt" count="1"/>
      <line num="128" type="stmt" count="1"/>
      <line num="129" type="stmt" count="1"/>
      <line num="132" type="stmt" count="1"/>
      <line num="141" type="method" name="exists" visibility="public" complexity="2" crap="2" count="6"/>
      <line num="143" type="stmt" count="6"/>
      <line num="144" type="stmt" count="1"/>
      <line num="147" type="stmt" count="5"/>
      <line num="156" type="method" name="forAll" visibility="public" complexity="2" crap="2" count="2"/>
      <line num="158" type="stmt" count="2"/>
      <line num="159" type="stmt" count="1"/>
      <line num="162" type="stmt" count="1"/>
      <line num="173" type="method" name="map" visibility="public" complexity="2" crap="2" count="60"/>
      <line num="175" type="stmt" count="60"/>
      <line num="177" type="stmt" count="24"/>
      <line num="178" type="stmt" count="24"/>
      <line num="181" type="stmt" count="52"/>
      <line num="194" type="method" name="flatMap" visibility="public" complexity="3" crap="3.71" count="1"/>
      <line num="196" type="stmt" count="1"/>
      <line num="198" type="stmt" count="0"/>
      <line num="199" type="stmt" count="0"/>
      <line num="202" type="stmt" count="1"/>
      <line num="203" type="stmt" count="1"/>
      <line num="204" type="stmt" count="1"/>
      <line num="207" type="stmt" count="0"/>
      <line num="210" type="method" name="foldLeft" visibility="public" complexity="2" crap="2" count="2"/>
      <line num="212" type="stmt" count="2"/>
      <line num="213" type="stmt" count="1"/>
      <line num="216" type="stmt" count="1"/>
      <line num="219" type="method" name="foldRight" visibility="public" complexity="2" crap="2" count="2"/>
      <line num="221" type="stmt" count="2"/>
      <line num="222" type="stmt" count="1"/>
      <line num="225" type="stmt" count="1"/>
      <line num="228" type="method" name="forEach" visibility="public" complexity="2" crap="2" count="2"/>
      <line num="230" type="stmt" count="2"/>
      <line num="231" type="stmt" count="1"/>
      <line num="235" type="method" name="reduceLeft" visibility="public" complexity="2" crap="2" count="2"/>
      <line num="237" type="stmt" count="2"/>
      <line num="238" type="stmt" count="1"/>
      <line num="241" type="stmt" count="1"/>
      <line num="244" type="method" name="reduceLeftOption" visibility="public" complexity="1" crap="1" count="2"/>
      <line num="246" type="stmt" count="2"/>
      <line num="249" type="method" name="reduceRight" visibility="public" complexity="2" crap="2" count="2"/>
      <line num="251" type="stmt" count="2"/>
      <line num="252" type="stmt" count="1"/>
      <line num="255" type="stmt" count="1"/>
      <line num="258" type="method" name="reduceRightOption" visibility="public" complexity="1" crap="1" count="2"/>
      <line num="260" type="stmt" count="2"/>
      <line num="269" type="method" name="get" visibility="public" complexity="2" crap="2" count="93"/>
      <line num="271" type="stmt" count="93"/>
      <line num="272" type="stmt" count="92"/>
      <line num="275" type="stmt" count="1"/>
      <line num="287" type="method" name="getOrNull" visibility="public" complexity="2" crap="2" count="28"/>
      <line num="289" type="stmt" count="28"/>
      <line num="290" type="stmt" count="25"/>
      <line num="293" type="stmt" count="3"/>
      <line num="302" type="method" name="getOrElse" visibility="public" complexity="2" crap="2" count="2"/>
      <line num="304" type="stmt" count="2"/>
      <line num="305" type="stmt" count="1"/>
      <line num="308" type="stmt" count="1"/>
      <line num="326" type="method" name="orElse" visibility="public" complexity="2" crap="2" count="2"/>
      <line num="328" type="stmt" count="2"/>
      <line num="329" type="stmt" count="1"/>
      <line num="332" type="stmt" count="1"/>
      <metrics loc="335" ncloc="222" classes="1" methods="25" coveredmethods="24" conditionals="0" coveredconditionals="0" statements="70" coveredstatements="67" elements="95" coveredelements="91"/>
    </file>
    <file name="/home/runner/work/PhpCollections/PhpCollections/src/UnsupportedTraversalException.php">
      <class name="Squingla\Collections\UnsupportedTraversalException" namespace="global">
        <metrics complexity="0" methods="0" coveredmethods="0" conditionals="0" coveredconditionals="0" statements="0" coveredstatements="0" elements="0" coveredelements="0"/>
      </class>
      <metrics loc="10" ncloc="10" classes="0" methods="0" coveredmethods="0" conditionals="0" coveredconditionals="0" statements="0" coveredstatements="0" elements="0" coveredelements="0"/>
    </file>
    <metrics files="12" loc="2087" ncloc="1361" classes="8" methods="144" coveredmethods="138" conditionals="0" coveredconditionals="0" statements="427" coveredstatements="417" elements="571" coveredelements="555"/>
  </project>
</coverage>
